Warning: Output directory ESM_kakawa_results detected. Replacing its contents in 3 seconds...
Traceback (most recent call last):
  File "/toolbox/esm/esm/pretrained.py", line 33, in load_hub_workaround
    data = torch.hub.load_state_dict_from_url(url, progress=False, map_location="cpu")
  File "/toolbox/envs/esm/lib/python3.7/site-packages/torch/hub.py", line 731, in load_state_dict_from_url
    return torch.load(cached_file, map_location=map_location)
  File "/toolbox/envs/esm/lib/python3.7/site-packages/torch/serialization.py", line 705, in load
    with _open_zipfile_reader(opened_file) as opened_zipfile:
  File "/toolbox/envs/esm/lib/python3.7/site-packages/torch/serialization.py", line 242, in __init__
    super(_open_zipfile_reader, self).__init__(torch._C.PyTorchFileReader(name_or_buffer))
RuntimeError: PytorchStreamReader failed reading zip archive: failed finding central directory

During handling of the above exception, another exception occurred:

Traceback (most recent call last):
  File "kakawaESM_constructs_metadata.py", line 39, in <module>
    model = esm.pretrained.esmfold_v1()
  File "/toolbox/esm/esm/pretrained.py", line 420, in esmfold_v1
    return esm.esmfold.v1.pretrained.esmfold_v1()
  File "/toolbox/esm/esm/esmfold/v1/pretrained.py", line 59, in esmfold_v1
    return _load_model("esmfold_3B_v1")
  File "/toolbox/esm/esm/esmfold/v1/pretrained.py", line 23, in _load_model
    model = ESMFold(esmfold_config=cfg)
  File "/toolbox/esm/esm/esmfold/v1/esmfold.py", line 59, in __init__
    self.esm, self.esm_dict = esm_registry.get(cfg.esm_type)()
  File "/toolbox/esm/esm/pretrained.py", line 387, in esm2_t36_3B_UR50D
    return load_model_and_alphabet_hub("esm2_t36_3B_UR50D")
  File "/toolbox/esm/esm/pretrained.py", line 63, in load_model_and_alphabet_hub
    model_data, regression_data = _download_model_and_regression_data(model_name)
  File "/toolbox/esm/esm/pretrained.py", line 54, in _download_model_and_regression_data
    model_data = load_hub_workaround(url)
  File "/toolbox/esm/esm/pretrained.py", line 39, in load_hub_workaround
    map_location="cpu",
  File "/toolbox/envs/esm/lib/python3.7/site-packages/torch/serialization.py", line 705, in load
    with _open_zipfile_reader(opened_file) as opened_zipfile:
  File "/toolbox/envs/esm/lib/python3.7/site-packages/torch/serialization.py", line 242, in __init__
    super(_open_zipfile_reader, self).__init__(torch._C.PyTorchFileReader(name_or_buffer))
RuntimeError: PytorchStreamReader failed reading zip archive: failed finding central directory
